<?xml version="1.0" encoding="UTF-8"?>
<testsuite name="Cucumber" time="0.383" tests="2" skipped="0" failures="0" errors="0">
<testcase classname="Assessment Test Execution" name="Q1 : Add items to cart and if any items fails print the name" time="0.033">
<system-out><![CDATA[
Given user enters "problem user" username...................................passed
When user enters the password...............................................passed
And user clicks on login button.............................................passed
And add items to the cart...................................................passed
Then user logouts from application..........................................passed
]]></system-out>
</testcase>
<testcase classname="Assessment Test Execution" name="Q2 : Sort the list and verify the list sorted correctly" time="0.007">
<system-out><![CDATA[
Given user enters "standard user" username..................................passed
When user enters the password...............................................passed
And user clicks on login button.............................................passed
And select "Name (A to Z)" as sorting.......................................passed
And verify the product list.................................................passed
Then user logouts from application..........................................passed
]]></system-out>
</testcase>
</testsuite>
